Using pre-set license
Built from '2020.2/release' branch; Version is '2020.2.1f1 (270dd8c3da1c) revision 2559448'; Using compiler version '192528614'; Build Type 'Release'
OS: 'Windows 10  (10.0.0) 64bit' Language: 'en' Physical Memory: 16222 MB
BatchMode: 1, IsHumanControllingUs: 0, StartBugReporterOnCrash: 0, Is64bit: 1, IsPro: 0

 COMMAND LINE ARGUMENTS:
C:\Program Files\Unity\Hub\Editor\2020.2.1f1\Editor\Unity.exe
-adb2
-batchMode
-noUpm
-name
AssetImportWorker0
-projectPath
C:/Users/Chase/Desktop/Game Design/Untitled Platformer
-logFile
Logs/AssetImportWorker0.log
-srvPort
57389
Successfully changed project path to: C:/Users/Chase/Desktop/Game Design/Untitled Platformer
C:/Users/Chase/Desktop/Game Design/Untitled Platformer
Using Asset Import Pipeline V2.
Refreshing native plugins compatible for Editor in 97.90 ms, found 1 plugins.
Preloading 0 native plugins for Editor in 0.00 ms.
Initialize engine version: 2020.2.1f1 (270dd8c3da1c)
[Subsystems] Discovering subsystems at path C:/Program Files/Unity/Hub/Editor/2020.2.1f1/Editor/Data/Resources/UnitySubsystems
[Subsystems] Discovering subsystems at path C:/Users/Chase/Desktop/Game Design/Untitled Platformer/Assets
GfxDevice: creating device client; threaded=0
Direct3D:
    Version:  Direct3D 11.0 [level 11.1]
    Renderer: Intel(R) HD Graphics 520 (ID=0x1916)
    Vendor:   
    VRAM:     8111 MB
    Driver:   22.20.16.4836
Initialize mono
Mono path[0] = 'C:/Program Files/Unity/Hub/Editor/2020.2.1f1/Editor/Data/Managed'
Mono path[1] = 'C:/Program Files/Unity/Hub/Editor/2020.2.1f1/Editor/Data/MonoBleedingEdge/lib/mono/unityjit'
Mono config path = 'C:/Program Files/Unity/Hub/Editor/2020.2.1f1/Editor/Data/MonoBleedingEdge/etc'
Using monoOptions --debugger-agent=transport=dt_socket,embedding=1,server=y,suspend=n,address=127.0.0.1:56380
Begin MonoManager ReloadAssembly
Registering precompiled unity dll's ...
Register platform support module: C:/Program Files/Unity/Hub/Editor/2020.2.1f1/Editor/Data/PlaybackEngines/WindowsStandaloneSupport/UnityEditor.WindowsStandalone.Extensions.dll
Registered in 0.003316 seconds.
Native extension for WindowsStandalone target not found
Refreshing native plugins compatible for Editor in 68.30 ms, found 1 plugins.
Preloading 0 native plugins for Editor in 0.00 ms.
Invoked RoslynAnalysisRunner static constructor.
RoslynAnalysisRunner will not be running.
RoslynAnalysisRunner has terminated.
Mono: successfully reloaded assembly
- Completed reload, in  1.897 seconds
Platform modules already initialized, skipping
Registering precompiled user dll's ...
Registered in 0.001398 seconds.
Begin MonoManager ReloadAssembly
Native extension for WindowsStandalone target not found
Refreshing native plugins compatible for Editor in 54.45 ms, found 1 plugins.
Preloading 0 native plugins for Editor in 0.00 ms.
Invoked RoslynAnalysisRunner static constructor.
RoslynAnalysisRunner will not be running.
RoslynAnalysisRunner has terminated.
Mono: successfully reloaded assembly
- Completed reload, in  1.291 seconds
Platform modules already initialized, skipping
========================================================================
Worker process is ready to serve import requests
Launched and connected shader compiler UnityShaderCompiler.exe after 0.06 seconds
Refreshing native plugins compatible for Editor in 0.71 ms, found 1 plugins.
Preloading 0 native plugins for Editor in 0.00 ms.
Unloading 1789 Unused Serialized files (Serialized files now loaded: 0)
System memory in use before: 84.3 MB.
System memory in use after: 84.3 MB.

Unloading 24 unused Assets to reduce memory usage. Loaded Objects now: 2230.
Total: 3.957200 ms (FindLiveObjects: 0.399300 ms CreateObjectMapping: 0.162200 ms MarkObjects: 3.187200 ms  DeleteObjects: 0.206300 ms)

========================================================================
Received Import Request.
  path: Assets/platform_metroidvania asset pack v1.01/platform_metroidvania asset pack v1.01/herochar sprites(new)/herochar_jump_down_anim_strip_3.png
  artifactKey: Guid(20c2f0633fbddcf4aaa5406deed3cf40) Importer(815301076,1909f56bfc062723c751e8b465ee728b)
Start importing Assets/platform_metroidvania asset pack v1.01/platform_metroidvania asset pack v1.01/herochar sprites(new)/herochar_jump_down_anim_strip_3.png using Guid(20c2f0633fbddcf4aaa5406deed3cf40) Importer(815301076,1909f56bfc062723c751e8b465ee728b)  -> (artifact id: 'dc45efbf74987d826dcb245c4a30c5b8') in 0.440101 seconds
  Import took 0.457273 seconds .

========================================================================
Received Import Request.
  Time since last request: 7.480441 seconds.
  path: Assets/platform_metroidvania asset pack v1.01/platform_metroidvania asset pack v1.01/herochar sprites(new)/herochar_jump_down_anim_strip_3.png
  artifactKey: Guid(20c2f0633fbddcf4aaa5406deed3cf40) Importer(815301076,1909f56bfc062723c751e8b465ee728b)
Start importing Assets/platform_metroidvania asset pack v1.01/platform_metroidvania asset pack v1.01/herochar sprites(new)/herochar_jump_down_anim_strip_3.png using Guid(20c2f0633fbddcf4aaa5406deed3cf40) Importer(815301076,1909f56bfc062723c751e8b465ee728b)  -> (artifact id: '0ad97f9aa2c8cb3e23cb8f020511fa90') in 0.028064 seconds
  Import took 0.037021 seconds .

========================================================================
Received Import Request.
  Time since last request: 0.000862 seconds.
  path: Assets/platform_metroidvania asset pack v1.01/platform_metroidvania asset pack v1.01/herochar sprites(new)/herochar_jump_down_anim_strip_3.png
  artifactKey: Guid(20c2f0633fbddcf4aaa5406deed3cf40) Importer(815301076,1909f56bfc062723c751e8b465ee728b)
Start importing Assets/platform_metroidvania asset pack v1.01/platform_metroidvania asset pack v1.01/herochar sprites(new)/herochar_jump_down_anim_strip_3.png using Guid(20c2f0633fbddcf4aaa5406deed3cf40) Importer(815301076,1909f56bfc062723c751e8b465ee728b)  -> (artifact id: '0ad97f9aa2c8cb3e23cb8f020511fa90') in 0.018000 seconds
  Import took 0.026232 seconds .

========================================================================
Received Import Request.
  Time since last request: 37.452469 seconds.
  path: Assets/platform_metroidvania asset pack v1.01/platform_metroidvania asset pack v1.01/herochar sprites(new)/herochar_jump_down_anim_strip_3.png
  artifactKey: Guid(20c2f0633fbddcf4aaa5406deed3cf40) Importer(815301076,1909f56bfc062723c751e8b465ee728b)
Start importing Assets/platform_metroidvania asset pack v1.01/platform_metroidvania asset pack v1.01/herochar sprites(new)/herochar_jump_down_anim_strip_3.png using Guid(20c2f0633fbddcf4aaa5406deed3cf40) Importer(815301076,1909f56bfc062723c751e8b465ee728b)  -> (artifact id: '64e5acb696fa5005d59339bc927b5b05') in 0.032641 seconds
  Import took 0.055373 seconds .

========================================================================
Received Import Request.
  Time since last request: 161.515452 seconds.
  path: Assets/Animations/Animation Controllers/Player Controller.controller
  artifactKey: Guid(daf6be0f54066c74f8f2e3fa568a058c) Importer(815301076,1909f56bfc062723c751e8b465ee728b)
Start importing Assets/Animations/Animation Controllers/Player Controller.controller using Guid(daf6be0f54066c74f8f2e3fa568a058c) Importer(815301076,1909f56bfc062723c751e8b465ee728b)  -> (artifact id: '888d6c27dc797aa72de11baeb3fa2698') in 0.028969 seconds
  Import took 0.042542 seconds .

========================================================================
Received Prepare
Registering precompiled user dll's ...
Registered in 0.001479 seconds.
Begin MonoManager ReloadAssembly
Native extension for WindowsStandalone target not found
Refreshing native plugins compatible for Editor in 0.46 ms, found 1 plugins.
Preloading 0 native plugins for Editor in 0.00 ms.
Invoked RoslynAnalysisRunner static constructor.
RoslynAnalysisRunner will not be running.
RoslynAnalysisRunner has terminated.
Mono: successfully reloaded assembly
- Completed reload, in  1.499 seconds
Platform modules already initialized, skipping
Refreshing native plugins compatible for Editor in 0.71 ms, found 1 plugins.
Preloading 0 native plugins for Editor in 0.00 ms.
Unloading 1784 Unused Serialized files (Serialized files now loaded: 0)
System memory in use before: 87.5 MB.
System memory in use after: 87.5 MB.

Unloading 12 unused Assets to reduce memory usage. Loaded Objects now: 2241.
Total: 3.823300 ms (FindLiveObjects: 0.414300 ms CreateObjectMapping: 0.169700 ms MarkObjects: 3.029300 ms  DeleteObjects: 0.207600 ms)

========================================================================
Received Prepare
Registering precompiled user dll's ...
Registered in 0.001372 seconds.
Begin MonoManager ReloadAssembly
Native extension for WindowsStandalone target not found
Refreshing native plugins compatible for Editor in 0.50 ms, found 1 plugins.
Preloading 0 native plugins for Editor in 0.00 ms.
Invoked RoslynAnalysisRunner static constructor.
RoslynAnalysisRunner will not be running.
RoslynAnalysisRunner has terminated.
Mono: successfully reloaded assembly
- Completed reload, in  1.304 seconds
Platform modules already initialized, skipping
Refreshing native plugins compatible for Editor in 0.73 ms, found 1 plugins.
Preloading 0 native plugins for Editor in 0.00 ms.
Unloading 1784 Unused Serialized files (Serialized files now loaded: 0)
System memory in use before: 87.6 MB.
System memory in use after: 87.6 MB.

Unloading 12 unused Assets to reduce memory usage. Loaded Objects now: 2244.
Total: 3.654900 ms (FindLiveObjects: 0.448600 ms CreateObjectMapping: 0.187000 ms MarkObjects: 2.850100 ms  DeleteObjects: 0.166900 ms)

========================================================================
Received Prepare
Registering precompiled user dll's ...
Registered in 0.002003 seconds.
Begin MonoManager ReloadAssembly
Native extension for WindowsStandalone target not found
Refreshing native plugins compatible for Editor in 0.67 ms, found 1 plugins.
Preloading 0 native plugins for Editor in 0.00 ms.
Invoked RoslynAnalysisRunner static constructor.
RoslynAnalysisRunner will not be running.
RoslynAnalysisRunner has terminated.
Mono: successfully reloaded assembly
- Completed reload, in  1.644 seconds
Platform modules already initialized, skipping
Refreshing native plugins compatible for Editor in 0.97 ms, found 1 plugins.
Preloading 0 native plugins for Editor in 0.00 ms.
Unloading 1784 Unused Serialized files (Serialized files now loaded: 0)
System memory in use before: 87.7 MB.
System memory in use after: 87.7 MB.

Unloading 12 unused Assets to reduce memory usage. Loaded Objects now: 2247.
Total: 3.672800 ms (FindLiveObjects: 0.368800 ms CreateObjectMapping: 0.131500 ms MarkObjects: 2.989800 ms  DeleteObjects: 0.180300 ms)

========================================================================
Received Prepare
Registering precompiled user dll's ...
Registered in 0.001805 seconds.
Begin MonoManager ReloadAssembly
Native extension for WindowsStandalone target not found
Refreshing native plugins compatible for Editor in 0.80 ms, found 1 plugins.
Preloading 0 native plugins for Editor in 0.00 ms.
Invoked RoslynAnalysisRunner static constructor.
RoslynAnalysisRunner will not be running.
RoslynAnalysisRunner has terminated.
Mono: successfully reloaded assembly
- Completed reload, in  1.293 seconds
Platform modules already initialized, skipping
Refreshing native plugins compatible for Editor in 0.71 ms, found 1 plugins.
Preloading 0 native plugins for Editor in 0.00 ms.
Unloading 1784 Unused Serialized files (Serialized files now loaded: 0)
System memory in use before: 87.8 MB.
System memory in use after: 87.8 MB.

Unloading 12 unused Assets to reduce memory usage. Loaded Objects now: 2250.
Total: 3.767400 ms (FindLiveObjects: 0.382900 ms CreateObjectMapping: 0.198800 ms MarkObjects: 3.007100 ms  DeleteObjects: 0.175800 ms)

========================================================================
Received Prepare
Registering precompiled user dll's ...
Registered in 0.099415 seconds.
Begin MonoManager ReloadAssembly
Native extension for WindowsStandalone target not found
Refreshing native plugins compatible for Editor in 0.51 ms, found 1 plugins.
Preloading 0 native plugins for Editor in 0.00 ms.
Invoked RoslynAnalysisRunner static constructor.
RoslynAnalysisRunner will not be running.
RoslynAnalysisRunner has terminated.
Mono: successfully reloaded assembly
- Completed reload, in  1.230 seconds
Platform modules already initialized, skipping
Refreshing native plugins compatible for Editor in 0.78 ms, found 1 plugins.
Preloading 0 native plugins for Editor in 0.00 ms.
Unloading 1784 Unused Serialized files (Serialized files now loaded: 0)
System memory in use before: 87.9 MB.
System memory in use after: 87.9 MB.

Unloading 12 unused Assets to reduce memory usage. Loaded Objects now: 2253.
Total: 4.844000 ms (FindLiveObjects: 0.439700 ms CreateObjectMapping: 0.180100 ms MarkObjects: 4.055700 ms  DeleteObjects: 0.166300 ms)

========================================================================
Received Import Request.
  Time since last request: 1054.141493 seconds.
  path: Assets/platform_metroidvania asset pack v1.01/platform_metroidvania asset pack v1.01/tiles and background_foreground/metroid_tileset.prefab
  artifactKey: Guid(ae5f6d063b93a6a4292938ff0a50df83) Importer(815301076,1909f56bfc062723c751e8b465ee728b)
Start importing Assets/platform_metroidvania asset pack v1.01/platform_metroidvania asset pack v1.01/tiles and background_foreground/metroid_tileset.prefab using Guid(ae5f6d063b93a6a4292938ff0a50df83) Importer(815301076,1909f56bfc062723c751e8b465ee728b)  -> (artifact id: '2a2917b2bdb780fc99d2fb795ecf3c58') in 0.139805 seconds
  Import took 0.155819 seconds .

========================================================================
Received Import Request.
  Time since last request: 28.844534 seconds.
  path: Assets/platform_metroidvania asset pack v1.01/platform_metroidvania asset pack v1.01/miscellaneous sprites/door.png
  artifactKey: Guid(be8bf2034b220944db3a79a322c8dd72) Importer(815301076,1909f56bfc062723c751e8b465ee728b)
Start importing Assets/platform_metroidvania asset pack v1.01/platform_metroidvania asset pack v1.01/miscellaneous sprites/door.png using Guid(be8bf2034b220944db3a79a322c8dd72) Importer(815301076,1909f56bfc062723c751e8b465ee728b)  -> (artifact id: 'b6225710efd11bea47b6d6ea3098938a') in 0.091061 seconds
  Import took 0.104268 seconds .

========================================================================
Received Import Request.
  Time since last request: 18.260124 seconds.
  path: Assets/platform_metroidvania asset pack v1.01/platform_metroidvania asset pack v1.01/miscellaneous sprites/door.asset
  artifactKey: Guid(39def1d6a9de2734c8cf2b953edf1d21) Importer(815301076,1909f56bfc062723c751e8b465ee728b)
Start importing Assets/platform_metroidvania asset pack v1.01/platform_metroidvania asset pack v1.01/miscellaneous sprites/door.asset using Guid(39def1d6a9de2734c8cf2b953edf1d21) Importer(815301076,1909f56bfc062723c751e8b465ee728b)  -> (artifact id: '3be368b564fdea4a15ddd741276f6e0e') in 0.074958 seconds
  Import took 0.100119 seconds .

========================================================================
Received Import Request.
  Time since last request: 71.973787 seconds.
  path: Assets/platform_metroidvania asset pack v1.01/platform_metroidvania asset pack v1.01/miscellaneous sprites/door.png
  artifactKey: Guid(be8bf2034b220944db3a79a322c8dd72) Importer(815301076,1909f56bfc062723c751e8b465ee728b)
Start importing Assets/platform_metroidvania asset pack v1.01/platform_metroidvania asset pack v1.01/miscellaneous sprites/door.png using Guid(be8bf2034b220944db3a79a322c8dd72) Importer(815301076,1909f56bfc062723c751e8b465ee728b)  -> (artifact id: 'cd5e88c54b6287238e10cafbc77f4f0b') in 0.020039 seconds
  Import took 0.037896 seconds .

========================================================================
Received Import Request.
  Time since last request: 0.036670 seconds.
  path: Assets/platform_metroidvania asset pack v1.01/platform_metroidvania asset pack v1.01/miscellaneous sprites/door.png
  artifactKey: Guid(be8bf2034b220944db3a79a322c8dd72) Importer(815301076,1909f56bfc062723c751e8b465ee728b)
Start importing Assets/platform_metroidvania asset pack v1.01/platform_metroidvania asset pack v1.01/miscellaneous sprites/door.png using Guid(be8bf2034b220944db3a79a322c8dd72) Importer(815301076,1909f56bfc062723c751e8b465ee728b)  -> (artifact id: 'cd5e88c54b6287238e10cafbc77f4f0b') in 0.021935 seconds
  Import took 0.028348 seconds .

========================================================================
Received Import Request.
  Time since last request: 30.419723 seconds.
  path: Assets/platform_metroidvania asset pack v1.01/platform_metroidvania asset pack v1.01/miscellaneous sprites/tiki_torch_props.gif
  artifactKey: Guid(df0dc86bde1753e4aa0bfed724f34ba9) Importer(815301076,1909f56bfc062723c751e8b465ee728b)
Start importing Assets/platform_metroidvania asset pack v1.01/platform_metroidvania asset pack v1.01/miscellaneous sprites/tiki_torch_props.gif using Guid(df0dc86bde1753e4aa0bfed724f34ba9) Importer(815301076,1909f56bfc062723c751e8b465ee728b)  -> (artifact id: '65f855c897ac4a9549f84da98e81c51b') in 0.047106 seconds
  Import took 0.072726 seconds .

========================================================================
Received Import Request.
  Time since last request: 7.439552 seconds.
  path: Assets/platform_metroidvania asset pack v1.01/platform_metroidvania asset pack v1.01/miscellaneous sprites/tiki_torch_props.asset
  artifactKey: Guid(6ab55befc3100a74198ef102928b34a7) Importer(815301076,1909f56bfc062723c751e8b465ee728b)
Start importing Assets/platform_metroidvania asset pack v1.01/platform_metroidvania asset pack v1.01/miscellaneous sprites/tiki_torch_props.asset using Guid(6ab55befc3100a74198ef102928b34a7) Importer(815301076,1909f56bfc062723c751e8b465ee728b)  -> (artifact id: '8775b98fe7a120a550afa1de9351e4fc') in 0.031642 seconds
  Import took 0.047789 seconds .

========================================================================
Received Import Request.
  Time since last request: 16.705412 seconds.
  path: Assets/platform_metroidvania asset pack v1.01/platform_metroidvania asset pack v1.01/miscellaneous sprites/tiki_torch_props.gif
  artifactKey: Guid(df0dc86bde1753e4aa0bfed724f34ba9) Importer(815301076,1909f56bfc062723c751e8b465ee728b)
Start importing Assets/platform_metroidvania asset pack v1.01/platform_metroidvania asset pack v1.01/miscellaneous sprites/tiki_torch_props.gif using Guid(df0dc86bde1753e4aa0bfed724f34ba9) Importer(815301076,1909f56bfc062723c751e8b465ee728b)  -> (artifact id: '9e8161313ef268993c16f17857da55b3') in 0.028808 seconds
  Import took 0.046084 seconds .

========================================================================
Received Import Request.
  Time since last request: 0.039934 seconds.
  path: Assets/platform_metroidvania asset pack v1.01/platform_metroidvania asset pack v1.01/miscellaneous sprites/tiki_torch_props.gif
  artifactKey: Guid(df0dc86bde1753e4aa0bfed724f34ba9) Importer(815301076,1909f56bfc062723c751e8b465ee728b)
Start importing Assets/platform_metroidvania asset pack v1.01/platform_metroidvania asset pack v1.01/miscellaneous sprites/tiki_torch_props.gif using Guid(df0dc86bde1753e4aa0bfed724f34ba9) Importer(815301076,1909f56bfc062723c751e8b465ee728b)  -> (artifact id: '9e8161313ef268993c16f17857da55b3') in 0.025903 seconds
  Import took 0.032962 seconds .

========================================================================
Received Import Request.
  Time since last request: 36.719391 seconds.
  path: Assets/platform_metroidvania asset pack v1.01/platform_metroidvania asset pack v1.01/miscellaneous sprites/tiki_torch_props.gif
  artifactKey: Guid(df0dc86bde1753e4aa0bfed724f34ba9) Importer(815301076,1909f56bfc062723c751e8b465ee728b)
Start importing Assets/platform_metroidvania asset pack v1.01/platform_metroidvania asset pack v1.01/miscellaneous sprites/tiki_torch_props.gif using Guid(df0dc86bde1753e4aa0bfed724f34ba9) Importer(815301076,1909f56bfc062723c751e8b465ee728b)  -> (artifact id: 'f455ed2e30dcfec6f575df6373550511') in 0.021252 seconds
  Import took 0.056970 seconds .

========================================================================
Received Import Request.
  Time since last request: 25.906995 seconds.
  path: Assets/platform_metroidvania asset pack v1.01/platform_metroidvania asset pack v1.01/miscellaneous sprites/tiki_torch_props.gif
  artifactKey: Guid(df0dc86bde1753e4aa0bfed724f34ba9) Importer(815301076,1909f56bfc062723c751e8b465ee728b)
Start importing Assets/platform_metroidvania asset pack v1.01/platform_metroidvania asset pack v1.01/miscellaneous sprites/tiki_torch_props.gif using Guid(df0dc86bde1753e4aa0bfed724f34ba9) Importer(815301076,1909f56bfc062723c751e8b465ee728b)  -> (artifact id: '554cc5d6a06acc2d3f81ca167aa988fe') in 0.028764 seconds
  Import took 0.045143 seconds .

========================================================================
Received Import Request.
  Time since last request: 4.955879 seconds.
  path: Assets/platform_metroidvania asset pack v1.01/platform_metroidvania asset pack v1.01/miscellaneous sprites/tiki_torch_props.gif
  artifactKey: Guid(df0dc86bde1753e4aa0bfed724f34ba9) Importer(815301076,1909f56bfc062723c751e8b465ee728b)
Start importing Assets/platform_metroidvania asset pack v1.01/platform_metroidvania asset pack v1.01/miscellaneous sprites/tiki_torch_props.gif using Guid(df0dc86bde1753e4aa0bfed724f34ba9) Importer(815301076,1909f56bfc062723c751e8b465ee728b)  -> (artifact id: '529ef434fc9d7c558d56517fa8446728') in 0.024514 seconds
  Import took 0.032158 seconds .

========================================================================
Received Import Request.
  Time since last request: 0.000983 seconds.
  path: Assets/platform_metroidvania asset pack v1.01/platform_metroidvania asset pack v1.01/miscellaneous sprites/tiki_torch_props.gif
  artifactKey: Guid(df0dc86bde1753e4aa0bfed724f34ba9) Importer(815301076,1909f56bfc062723c751e8b465ee728b)
Start importing Assets/platform_metroidvania asset pack v1.01/platform_metroidvania asset pack v1.01/miscellaneous sprites/tiki_torch_props.gif using Guid(df0dc86bde1753e4aa0bfed724f34ba9) Importer(815301076,1909f56bfc062723c751e8b465ee728b)  -> (artifact id: '529ef434fc9d7c558d56517fa8446728') in 0.024823 seconds
  Import took 0.032178 seconds .

========================================================================
Received Import Request.
  Time since last request: 33.526672 seconds.
  path: Assets/platform_metroidvania asset pack v1.01/platform_metroidvania asset pack v1.01/miscellaneous sprites/tiki_torch_props.gif
  artifactKey: Guid(df0dc86bde1753e4aa0bfed724f34ba9) Importer(815301076,1909f56bfc062723c751e8b465ee728b)
Start importing Assets/platform_metroidvania asset pack v1.01/platform_metroidvania asset pack v1.01/miscellaneous sprites/tiki_torch_props.gif using Guid(df0dc86bde1753e4aa0bfed724f34ba9) Importer(815301076,1909f56bfc062723c751e8b465ee728b)  -> (artifact id: 'cf02c7e92dd030e1e83ce19240c65a3f') in 0.021272 seconds
  Import took 0.043130 seconds .

========================================================================
Received Import Request.
  Time since last request: 5.509825 seconds.
  path: Assets/platform_metroidvania asset pack v1.01/platform_metroidvania asset pack v1.01/miscellaneous sprites/tiki_torch_props.gif
  artifactKey: Guid(df0dc86bde1753e4aa0bfed724f34ba9) Importer(815301076,1909f56bfc062723c751e8b465ee728b)
Start importing Assets/platform_metroidvania asset pack v1.01/platform_metroidvania asset pack v1.01/miscellaneous sprites/tiki_torch_props.gif using Guid(df0dc86bde1753e4aa0bfed724f34ba9) Importer(815301076,1909f56bfc062723c751e8b465ee728b)  -> (artifact id: '64d082644819f85fa755eefd64233549') in 0.020896 seconds
  Import took 0.027785 seconds .

========================================================================
Received Import Request.
  Time since last request: 16.054461 seconds.
  path: Assets/platform_metroidvania asset pack v1.01/platform_metroidvania asset pack v1.01/miscellaneous sprites/tiki_torch_props.gif
  artifactKey: Guid(df0dc86bde1753e4aa0bfed724f34ba9) Importer(815301076,1909f56bfc062723c751e8b465ee728b)
Start importing Assets/platform_metroidvania asset pack v1.01/platform_metroidvania asset pack v1.01/miscellaneous sprites/tiki_torch_props.gif using Guid(df0dc86bde1753e4aa0bfed724f34ba9) Importer(815301076,1909f56bfc062723c751e8b465ee728b)  -> (artifact id: '7d9b8c44e28cbd5f53455a43319c746a') in 0.058969 seconds
  Import took 0.151840 seconds .

========================================================================
Received Prepare
Registering precompiled user dll's ...
Registered in 0.001982 seconds.
Begin MonoManager ReloadAssembly
Native extension for WindowsStandalone target not found
Refreshing native plugins compatible for Editor in 0.45 ms, found 1 plugins.
Preloading 0 native plugins for Editor in 0.00 ms.
Invoked RoslynAnalysisRunner static constructor.
RoslynAnalysisRunner will not be running.
RoslynAnalysisRunner has terminated.
Mono: successfully reloaded assembly
- Completed reload, in  1.508 seconds
Platform modules already initialized, skipping
Refreshing native plugins compatible for Editor in 0.73 ms, found 1 plugins.
Preloading 0 native plugins for Editor in 0.00 ms.
Unloading 1784 Unused Serialized files (Serialized files now loaded: 0)
System memory in use before: 88.0 MB.
System memory in use after: 88.0 MB.

Unloading 12 unused Assets to reduce memory usage. Loaded Objects now: 2263.
Total: 4.059700 ms (FindLiveObjects: 0.389600 ms CreateObjectMapping: 0.166200 ms MarkObjects: 3.340800 ms  DeleteObjects: 0.159200 ms)

========================================================================
Received Import Request.
  Time since last request: 62.800546 seconds.
  path: Assets/platform_metroidvania asset pack v1.01/platform_metroidvania asset pack v1.01/miscellaneous sprites/flowers_props.asset
  artifactKey: Guid(2868d6c9f29534142ba587e0682e11d5) Importer(815301076,1909f56bfc062723c751e8b465ee728b)
Start importing Assets/platform_metroidvania asset pack v1.01/platform_metroidvania asset pack v1.01/miscellaneous sprites/flowers_props.asset using Guid(2868d6c9f29534142ba587e0682e11d5) Importer(815301076,1909f56bfc062723c751e8b465ee728b)  -> (artifact id: 'a8c04e5a0b90174f4d2bf3b8b1a07384') in 0.199647 seconds
  Import took 0.221289 seconds .

========================================================================
Received Import Request.
  Time since last request: 3.461767 seconds.
  path: Assets/platform_metroidvania asset pack v1.01/platform_metroidvania asset pack v1.01/miscellaneous sprites/flowers_props.png
  artifactKey: Guid(43d4ac233239e9c46aeaecd3244f5f40) Importer(815301076,1909f56bfc062723c751e8b465ee728b)
Start importing Assets/platform_metroidvania asset pack v1.01/platform_metroidvania asset pack v1.01/miscellaneous sprites/flowers_props.png using Guid(43d4ac233239e9c46aeaecd3244f5f40) Importer(815301076,1909f56bfc062723c751e8b465ee728b)  -> (artifact id: '6feb959251555e5867a48a5a3b352710') in 0.062401 seconds
  Import took 0.086760 seconds .

========================================================================
Received Import Request.
  Time since last request: 5.221617 seconds.
  path: Assets/platform_metroidvania asset pack v1.01/platform_metroidvania asset pack v1.01/miscellaneous sprites/flowers_props.png
  artifactKey: Guid(43d4ac233239e9c46aeaecd3244f5f40) Importer(815301076,1909f56bfc062723c751e8b465ee728b)
Start importing Assets/platform_metroidvania asset pack v1.01/platform_metroidvania asset pack v1.01/miscellaneous sprites/flowers_props.png using Guid(43d4ac233239e9c46aeaecd3244f5f40) Importer(815301076,1909f56bfc062723c751e8b465ee728b)  -> (artifact id: '05c81e65c67806210908947fc128bba1') in 0.028634 seconds
  Import took 0.043406 seconds .

========================================================================
Received Import Request.
  Time since last request: 20.034065 seconds.
  path: Assets/platform_metroidvania asset pack v1.01/platform_metroidvania asset pack v1.01/miscellaneous sprites/flowers_props.png
  artifactKey: Guid(43d4ac233239e9c46aeaecd3244f5f40) Importer(815301076,1909f56bfc062723c751e8b465ee728b)
Start importing Assets/platform_metroidvania asset pack v1.01/platform_metroidvania asset pack v1.01/miscellaneous sprites/flowers_props.png using Guid(43d4ac233239e9c46aeaecd3244f5f40) Importer(815301076,1909f56bfc062723c751e8b465ee728b)  -> (artifact id: 'a90cf6bb5c8a019470ada4add80d9e8b') in 0.025710 seconds
  Import took 0.032848 seconds .

========================================================================
Received Import Request.
  Time since last request: 90.767517 seconds.
  path: Assets/platform_metroidvania asset pack v1.01/platform_metroidvania asset pack v1.01/miscellaneous sprites/arrow_plate_right.asset
  artifactKey: Guid(254f7c487a103dd48b22ea4ebc81b1e4) Importer(815301076,1909f56bfc062723c751e8b465ee728b)
Start importing Assets/platform_metroidvania asset pack v1.01/platform_metroidvania asset pack v1.01/miscellaneous sprites/arrow_plate_right.asset using Guid(254f7c487a103dd48b22ea4ebc81b1e4) Importer(815301076,1909f56bfc062723c751e8b465ee728b)  -> (artifact id: 'f930bea4a283d02e73b4848c38a3a8b0') in 0.031099 seconds
  Import took 0.155458 seconds .

========================================================================
Received Import Request.
  Time since last request: 13.445158 seconds.
  path: Assets/platform_metroidvania asset pack v1.01/platform_metroidvania asset pack v1.01/miscellaneous sprites/arrow_plate_right.png
  artifactKey: Guid(464d1cb62631c3b448612a9f9c156869) Importer(815301076,1909f56bfc062723c751e8b465ee728b)
Start importing Assets/platform_metroidvania asset pack v1.01/platform_metroidvania asset pack v1.01/miscellaneous sprites/arrow_plate_right.png using Guid(464d1cb62631c3b448612a9f9c156869) Importer(815301076,1909f56bfc062723c751e8b465ee728b)  -> (artifact id: 'b928e8eb3b1ca0fd78a4322d3d6797a3') in 0.029067 seconds
  Import took 0.078451 seconds .

========================================================================
Received Prepare
Registering precompiled user dll's ...
Registered in 0.002015 seconds.
Begin MonoManager ReloadAssembly
Native extension for WindowsStandalone target not found
Refreshing native plugins compatible for Editor in 1.18 ms, found 1 plugins.
Preloading 0 native plugins for Editor in 0.00 ms.
Invoked RoslynAnalysisRunner static constructor.
RoslynAnalysisRunner will not be running.
RoslynAnalysisRunner has terminated.
Mono: successfully reloaded assembly
- Completed reload, in  1.960 seconds
Platform modules already initialized, skipping
Refreshing native plugins compatible for Editor in 0.73 ms, found 1 plugins.
Preloading 0 native plugins for Editor in 0.00 ms.
Unloading 1784 Unused Serialized files (Serialized files now loaded: 0)
System memory in use before: 88.1 MB.
System memory in use after: 88.1 MB.

Unloading 12 unused Assets to reduce memory usage. Loaded Objects now: 2270.
Total: 4.890700 ms (FindLiveObjects: 0.808100 ms CreateObjectMapping: 0.716000 ms MarkObjects: 3.201700 ms  DeleteObjects: 0.162500 ms)

========================================================================
Received Prepare
Registering precompiled user dll's ...
Registered in 0.001421 seconds.
Begin MonoManager ReloadAssembly
Native extension for WindowsStandalone target not found
Refreshing native plugins compatible for Editor in 0.48 ms, found 1 plugins.
Preloading 0 native plugins for Editor in 0.00 ms.
Invoked RoslynAnalysisRunner static constructor.
RoslynAnalysisRunner will not be running.
RoslynAnalysisRunner has terminated.
Mono: successfully reloaded assembly
- Completed reload, in  1.574 seconds
Platform modules already initialized, skipping
Refreshing native plugins compatible for Editor in 0.71 ms, found 1 plugins.
Preloading 0 native plugins for Editor in 0.00 ms.
Unloading 1784 Unused Serialized files (Serialized files now loaded: 0)
System memory in use before: 88.2 MB.
System memory in use after: 88.2 MB.

Unloading 12 unused Assets to reduce memory usage. Loaded Objects now: 2273.
Total: 3.754400 ms (FindLiveObjects: 0.335600 ms CreateObjectMapping: 0.134100 ms MarkObjects: 3.102300 ms  DeleteObjects: 0.180300 ms)

========================================================================
Received Prepare
Registering precompiled user dll's ...
Registered in 0.001624 seconds.
Begin MonoManager ReloadAssembly
Native extension for WindowsStandalone target not found
Refreshing native plugins compatible for Editor in 0.51 ms, found 1 plugins.
Preloading 0 native plugins for Editor in 0.00 ms.
Invoked RoslynAnalysisRunner static constructor.
RoslynAnalysisRunner will not be running.
RoslynAnalysisRunner has terminated.
Mono: successfully reloaded assembly
- Completed reload, in  1.445 seconds
Platform modules already initialized, skipping
Refreshing native plugins compatible for Editor in 0.77 ms, found 1 plugins.
Preloading 0 native plugins for Editor in 0.00 ms.
Unloading 1784 Unused Serialized files (Serialized files now loaded: 0)
System memory in use before: 88.3 MB.
System memory in use after: 88.3 MB.

Unloading 12 unused Assets to reduce memory usage. Loaded Objects now: 2276.
Total: 4.021700 ms (FindLiveObjects: 0.387500 ms CreateObjectMapping: 0.189100 ms MarkObjects: 3.276500 ms  DeleteObjects: 0.165200 ms)

AssetImportWorkerClient::OnTransportError - code=2 error=End of file
